<?xml version="1.0" encoding="UTF-8"?><testsuite errors="0" failures="0" name="com.evozonintern.tests.CreateNewAccountTest" skipped="0" tests="13" time="172.18" timestamp="2018-08-08T16:27:09.387246100+03:00[Europe/Athens]"><testcase classname="com.evozonintern.tests.CreateNewAccountTest" name="Register with no email credentials"/><testcase classname="com.evozonintern.tests.CreateNewAccountTest" name="Register with valid credentials"/><testcase classname="com.evozonintern.tests.CreateNewAccountTest" name="Register with no pass confirm credentials"/><testcase classname="com.evozonintern.tests.CreateNewAccountTest" name="Register with no submit button clicked"/><testcase classname="com.evozonintern.tests.CreateNewAccountTest" name="Register with invalid email credentials"/><testcase classname="com.evozonintern.tests.CreateNewAccountTest" name="Register with not mathching pass and confpass"/><testcase classname="com.evozonintern.tests.CreateNewAccountTest" name="Register with no middle name credentials"/><testcase classname="com.evozonintern.tests.CreateNewAccountTest" name="Register with blank credentials"/><testcase classname="com.evozonintern.tests.CreateNewAccountTest" name="Register with no first name credentials"/><testcase classname="com.evozonintern.tests.CreateNewAccountTest" name="Register with too short pass"/><testcase classname="com.evozonintern.tests.CreateNewAccountTest" name="Register with no last name credentials"/><testcase classname="com.evozonintern.tests.CreateNewAccountTest" name="Register with no check box credentials"/><testcase classname="com.evozonintern.tests.CreateNewAccountTest" name="Register with no pass credentials"/></testsuite>