<?xml version="1.0" encoding="UTF-8"?><testsuite errors="0" failures="0" name="com.evozonintern.tests.LoginTest" skipped="0" tests="4" time="22.0" timestamp="2018-08-09T14:02:19.935607800+03:00[Europe/Athens]"><testcase classname="com.evozonintern.tests.LoginTest" name="Login with valid credentials800600"/><testcase classname="com.evozonintern.tests.LoginTest" name="Login with valid credentials51202160"/><testcase classname="com.evozonintern.tests.LoginTest" name="Login with valid credentials1024768"/><testcase classname="com.evozonintern.tests.LoginTest" name="Login with valid credentials20801280"/></testsuite>